# JRE version: OpenJDK Runtime Environment (11.0.11+9) (build 11.0.11+9-b60-7590822)
# Java VM: OpenJDK 64-Bit Server VM (11.0.11+9-b60-7590822, mixed mode, tiered, compressed oops, g1 gc, windows-amd64)
Heap:
 garbage-first heap   total 183296K, used 68462K [0x0000000080000000, 0x0000000100000000)
  region size 1024K, 25 young (25600K), 2 survivors (2048K)
 Metaspace       used 60567K, capacity 61919K, committed 62204K, reserved 1103872K
  class space    used 7677K, capacity 8209K, committed 8320K, reserved 1048576K
GC Heap History (20 events):
Event: 0.874 GC heap before
{Heap before GC invocations=1 (full 0):
 garbage-first heap   total 126976K, used 18794K [0x0000000080000000, 0x0000000100000000)
  region size 1024K, 13 young (13312K), 2 survivors (2048K)
 Metaspace       used 10258K, capacity 10555K, committed 10624K, reserved 1058816K
  class space    used 1072K, capacity 1141K, committed 1152K, reserved 1048576K
}
Event: 0.877 GC heap after
{Heap after GC invocations=2 (full 0):
 garbage-first heap   total 126976K, used 9549K [0x0000000080000000, 0x0000000100000000)
  region size 1024K, 2 young (2048K), 2 survivors (2048K)
 Metaspace       used 10258K, capacity 10555K, committed 10624K, reserved 1058816K
  class space    used 1072K, capacity 1141K, committed 1152K, reserved 1048576K
}
Event: 1.262 GC heap before
{Heap before GC invocations=2 (full 0):
 garbage-first heap   total 126976K, used 38221K [0x0000000080000000, 0x0000000100000000)
  region size 1024K, 29 young (29696K), 2 survivors (2048K)
 Metaspace       used 11230K, capacity 11510K, committed 11776K, reserved 1060864K
  class space    used 1174K, capacity 1246K, committed 1280K, reserved 1048576K
}
Event: 1.265 GC heap after
{Heap after GC invocations=3 (full 0):
 garbage-first heap   total 126976K, used 12916K [0x0000000080000000, 0x0000000100000000)
  region size 1024K, 4 young (4096K), 4 survivors (4096K)
 Metaspace       used 11230K, capacity 11510K, committed 11776K, reserved 1060864K
  class space    used 1174K, capacity 1246K, committed 1280K, reserved 1048576K
}
Event: 2.210 GC heap before
{Heap before GC invocations=3 (full 0):
 garbage-first heap   total 126976K, used 52852K [0x0000000080000000, 0x0000000100000000)
  region size 1024K, 44 young (45056K), 4 survivors (4096K)
 Metaspace       used 17402K, capacity 17800K, committed 18048K, reserved 1064960K
  class space    used 2038K, capacity 2155K, committed 2176K, reserved 1048576K
}
Event: 2.217 GC heap after
{Heap after GC invocations=4 (full 0):
 garbage-first heap   total 126976K, used 16341K [0x0000000080000000, 0x0000000100000000)
  region size 1024K, 6 young (6144K), 6 survivors (6144K)
 Metaspace       used 17402K, capacity 17800K, committed 18048K, reserved 1064960K
  class space    used 2038K, capacity 2155K, committed 2176K, reserved 1048576K
}
Event: 2.677 GC heap before
{Heap before GC invocations=4 (full 0):
 garbage-first heap   total 126976K, used 45013K [0x0000000080000000, 0x0000000100000000)
  region size 1024K, 35 young (35840K), 6 survivors (6144K)
 Metaspace       used 20666K, capacity 21104K, committed 21296K, reserved 1069056K
  class space    used 2533K, capacity 2660K, committed 2688K, reserved 1048576K
}
Event: 2.682 GC heap after
{Heap after GC invocations=5 (full 0):
 garbage-first heap   total 152576K, used 17380K [0x0000000080000000, 0x0000000100000000)
  region size 1024K, 5 young (5120K), 5 survivors (5120K)
 Metaspace       used 20666K, capacity 21104K, committed 21296K, reserved 1069056K
  class space    used 2533K, capacity 2660K, committed 2688K, reserved 1048576K
}
Event: 3.853 GC heap before
{Heap before GC invocations=6 (full 0):
 garbage-first heap   total 152576K, used 79844K [0x0000000080000000, 0x0000000100000000)
  region size 1024K, 66 young (67584K), 5 survivors (5120K)
 Metaspace       used 26695K, capacity 27365K, committed 27568K, reserved 1073152K
  class space    used 3506K, capacity 3734K, committed 3840K, reserved 1048576K
}
Event: 3.861 GC heap after
{Heap after GC invocations=7 (full 0):
 garbage-first heap   total 152576K, used 19845K [0x0000000080000000, 0x0000000100000000)
  region size 1024K, 4 young (4096K), 4 survivors (4096K)
 Metaspace       used 26695K, capacity 27365K, committed 27568K, reserved 1073152K
  class space    used 3506K, capacity 3734K, committed 3840K, reserved 1048576K
}
Event: 5.094 GC heap before
{Heap before GC invocations=7 (full 0):
 garbage-first heap   total 152576K, used 68997K [0x0000000080000000, 0x0000000100000000)
  region size 1024K, 53 young (54272K), 4 survivors (4096K)
 Metaspace       used 34906K, capacity 35648K, committed 35708K, reserved 1081344K
  class space    used 4542K, capacity 4861K, committed 4864K, reserved 1048576K
}
Event: 5.104 GC heap after
{Heap after GC invocations=8 (full 0):
 garbage-first heap   total 152576K, used 22884K [0x0000000080000000, 0x0000000100000000)
  region size 1024K, 7 young (7168K), 7 survivors (7168K)
 Metaspace       used 34906K, capacity 35648K, committed 35708K, reserved 1081344K
  class space    used 4542K, capacity 4861K, committed 4864K, reserved 1048576K
}
Event: 6.851 GC heap before
{Heap before GC invocations=9 (full 0):
 garbage-first heap   total 152576K, used 95588K [0x0000000080000000, 0x0000000100000000)
  region size 1024K, 76 young (77824K), 7 survivors (7168K)
 Metaspace       used 40422K, capacity 41339K, committed 41596K, reserved 1085440K
  class space    used 5184K, capacity 5537K, committed 5632K, reserved 1048576K
}
Event: 6.866 GC heap after
{Heap after GC invocations=10 (full 0):
 garbage-first heap   total 152576K, used 28365K [0x0000000080000000, 0x0000000100000000)
  region size 1024K, 9 young (9216K), 9 survivors (9216K)
 Metaspace       used 40422K, capacity 41339K, committed 41596K, reserved 1085440K
  class space    used 5184K, capacity 5537K, committed 5632K, reserved 1048576K
}
Event: 7.913 GC heap before
{Heap before GC invocations=10 (full 0):
 garbage-first heap   total 152576K, used 102093K [0x0000000080000000, 0x0000000100000000)
  region size 1024K, 81 young (82944K), 9 survivors (9216K)
 Metaspace       used 46855K, capacity 47927K, committed 48124K, reserved 1091584K
  class space    used 6032K, capacity 6468K, committed 6528K, reserved 1048576K
}
Event: 7.926 GC heap after
{Heap after GC invocations=11 (full 0):
 garbage-first heap   total 152576K, used 30674K [0x0000000080000000, 0x0000000100000000)
  region size 1024K, 8 young (8192K), 8 survivors (8192K)
 Metaspace       used 46855K, capacity 47927K, committed 48124K, reserved 1091584K
  class space    used 6032K, capacity 6468K, committed 6528K, reserved 1048576K
}
Event: 10.318 GC heap before
{Heap before GC invocations=11 (full 0):
 garbage-first heap   total 152576K, used 116690K [0x0000000080000000, 0x0000000100000000)
  region size 1024K, 88 young (90112K), 8 survivors (8192K)
 Metaspace       used 53058K, capacity 54421K, committed 54524K, reserved 1097728K
  class space    used 6749K, capacity 7271K, committed 7296K, reserved 1048576K
}
Event: 10.332 GC heap after
{Heap after GC invocations=12 (full 0):
 garbage-first heap   total 183296K, used 44493K [0x0000000080000000, 0x0000000100000000)
  region size 1024K, 11 young (11264K), 11 survivors (11264K)
 Metaspace       used 53058K, capacity 54421K, committed 54524K, reserved 1097728K
  class space    used 6749K, capacity 7271K, committed 7296K, reserved 1048576K
}
Event: 12.060 GC heap before
{Heap before GC invocations=12 (full 0):
 garbage-first heap   total 183296K, used 76237K [0x0000000080000000, 0x0000000100000000)
  region size 1024K, 43 young (44032K), 11 survivors (11264K)
 Metaspace       used 58423K, capacity 59782K, committed 59900K, reserved 1101824K
  class space    used 7414K, capacity 7966K, committed 8064K, reserved 1048576K
}
Event: 12.083 GC heap after
{Heap after GC invocations=13 (full 0):
 garbage-first heap   total 183296K, used 46958K [0x0000000080000000, 0x0000000100000000)
  region size 1024K, 2 young (2048K), 2 survivors (2048K)
 Metaspace       used 58423K, capacity 59782K, committed 59900K, reserved 1101824K
  class space    used 7414K, capacity 7966K, committed 8064K, reserved 1048576K
}

