# JRE version: OpenJDK Runtime Environment (11.0.11+9) (build 11.0.11+9-b60-7590822)
# Java VM: OpenJDK 64-Bit Server VM (11.0.11+9-b60-7590822, mixed mode, tiered, compressed oops, g1 gc, windows-amd64)
Heap:
 garbage-first heap   total 183296K, used 76220K [0x0000000080000000, 0x0000000100000000)
  region size 1024K, 34 young (34816K), 3 survivors (3072K)
 Metaspace       used 61578K, capacity 63081K, committed 63216K, reserved 1103872K
  class space    used 7802K, capacity 8381K, committed 8396K, reserved 1048576K
GC Heap History (20 events):
Event: 0.935 GC heap before
{Heap before GC invocations=1 (full 0):
 garbage-first heap   total 126976K, used 20116K [0x0000000080000000, 0x0000000100000000)
  region size 1024K, 14 young (14336K), 2 survivors (2048K)
 Metaspace       used 10272K, capacity 10559K, committed 10624K, reserved 1058816K
  class space    used 1071K, capacity 1141K, committed 1152K, reserved 1048576K
}
Event: 0.939 GC heap after
{Heap after GC invocations=2 (full 0):
 garbage-first heap   total 126976K, used 9295K [0x0000000080000000, 0x0000000100000000)
  region size 1024K, 2 young (2048K), 2 survivors (2048K)
 Metaspace       used 10272K, capacity 10559K, committed 10624K, reserved 1058816K
  class space    used 1071K, capacity 1141K, committed 1152K, reserved 1048576K
}
Event: 1.337 GC heap before
{Heap before GC invocations=2 (full 0):
 garbage-first heap   total 126976K, used 40015K [0x0000000080000000, 0x0000000100000000)
  region size 1024K, 32 young (32768K), 2 survivors (2048K)
 Metaspace       used 11251K, capacity 11514K, committed 11776K, reserved 1060864K
  class space    used 1174K, capacity 1246K, committed 1280K, reserved 1048576K
}
Event: 1.341 GC heap after
{Heap after GC invocations=3 (full 0):
 garbage-first heap   total 126976K, used 11480K [0x0000000080000000, 0x0000000100000000)
  region size 1024K, 4 young (4096K), 4 survivors (4096K)
 Metaspace       used 11251K, capacity 11514K, committed 11776K, reserved 1060864K
  class space    used 1174K, capacity 1246K, committed 1280K, reserved 1048576K
}
Event: 2.392 GC heap before
{Heap before GC invocations=3 (full 0):
 garbage-first heap   total 126976K, used 55512K [0x0000000080000000, 0x0000000100000000)
  region size 1024K, 47 young (48128K), 4 survivors (4096K)
 Metaspace       used 18036K, capacity 18513K, committed 18688K, reserved 1064960K
  class space    used 2145K, capacity 2285K, committed 2304K, reserved 1048576K
}
Event: 2.414 GC heap after
{Heap after GC invocations=4 (full 0):
 garbage-first heap   total 126976K, used 15862K [0x0000000080000000, 0x0000000100000000)
  region size 1024K, 6 young (6144K), 6 survivors (6144K)
 Metaspace       used 18036K, capacity 18513K, committed 18688K, reserved 1064960K
  class space    used 2145K, capacity 2285K, committed 2304K, reserved 1048576K
}
Event: 2.700 GC heap before
{Heap before GC invocations=4 (full 0):
 garbage-first heap   total 126976K, used 37366K [0x0000000080000000, 0x0000000100000000)
  region size 1024K, 28 young (28672K), 6 survivors (6144K)
 Metaspace       used 20656K, capacity 21108K, committed 21296K, reserved 1069056K
  class space    used 2533K, capacity 2660K, committed 2688K, reserved 1048576K
}
Event: 2.706 GC heap after
{Heap after GC invocations=5 (full 0):
 garbage-first heap   total 152576K, used 16942K [0x0000000080000000, 0x0000000100000000)
  region size 1024K, 1 young (1024K), 1 survivors (1024K)
 Metaspace       used 20656K, capacity 21108K, committed 21296K, reserved 1069056K
  class space    used 2533K, capacity 2660K, committed 2688K, reserved 1048576K
}
Event: 3.793 GC heap before
{Heap before GC invocations=6 (full 0):
 garbage-first heap   total 152576K, used 71214K [0x0000000080000000, 0x0000000100000000)
  region size 1024K, 54 young (55296K), 1 survivors (1024K)
 Metaspace       used 26157K, capacity 26771K, committed 26928K, reserved 1073152K
  class space    used 3420K, capacity 3618K, committed 3712K, reserved 1048576K
}
Event: 3.798 GC heap after
{Heap after GC invocations=7 (full 0):
 garbage-first heap   total 152576K, used 18783K [0x0000000080000000, 0x0000000100000000)
  region size 1024K, 3 young (3072K), 3 survivors (3072K)
 Metaspace       used 26157K, capacity 26771K, committed 26928K, reserved 1073152K
  class space    used 3420K, capacity 3618K, committed 3712K, reserved 1048576K
}
Event: 5.078 GC heap before
{Heap before GC invocations=7 (full 0):
 garbage-first heap   total 152576K, used 76127K [0x0000000080000000, 0x0000000100000000)
  region size 1024K, 60 young (61440K), 3 survivors (3072K)
 Metaspace       used 34888K, capacity 35652K, committed 35708K, reserved 1081344K
  class space    used 4539K, capacity 4861K, committed 4864K, reserved 1048576K
}
Event: 5.090 GC heap after
{Heap after GC invocations=8 (full 0):
 garbage-first heap   total 152576K, used 22314K [0x0000000080000000, 0x0000000100000000)
  region size 1024K, 7 young (7168K), 7 survivors (7168K)
 Metaspace       used 34888K, capacity 35652K, committed 35708K, reserved 1081344K
  class space    used 4539K, capacity 4861K, committed 4864K, reserved 1048576K
}
Event: 6.761 GC heap before
{Heap before GC invocations=9 (full 0):
 garbage-first heap   total 152576K, used 89898K [0x0000000080000000, 0x0000000100000000)
  region size 1024K, 71 young (72704K), 7 survivors (7168K)
 Metaspace       used 39960K, capacity 40890K, committed 40956K, reserved 1085440K
  class space    used 5110K, capacity 5471K, committed 5504K, reserved 1048576K
}
Event: 6.774 GC heap after
{Heap after GC invocations=10 (full 0):
 garbage-first heap   total 152576K, used 27591K [0x0000000080000000, 0x0000000100000000)
  region size 1024K, 9 young (9216K), 9 survivors (9216K)
 Metaspace       used 39960K, capacity 40890K, committed 40956K, reserved 1085440K
  class space    used 5110K, capacity 5471K, committed 5504K, reserved 1048576K
}
Event: 7.876 GC heap before
{Heap before GC invocations=10 (full 0):
 garbage-first heap   total 152576K, used 103367K [0x0000000080000000, 0x0000000100000000)
  region size 1024K, 83 young (84992K), 9 survivors (9216K)
 Metaspace       used 46657K, capacity 47862K, committed 48124K, reserved 1091584K
  class space    used 6016K, capacity 6467K, committed 6528K, reserved 1048576K
}
Event: 7.885 GC heap after
{Heap after GC invocations=11 (full 0):
 garbage-first heap   total 152576K, used 29825K [0x0000000080000000, 0x0000000100000000)
  region size 1024K, 8 young (8192K), 8 survivors (8192K)
 Metaspace       used 46657K, capacity 47862K, committed 48124K, reserved 1091584K
  class space    used 6016K, capacity 6467K, committed 6528K, reserved 1048576K
}
Event: 10.204 GC heap before
{Heap before GC invocations=11 (full 0):
 garbage-first heap   total 152576K, used 114817K [0x0000000080000000, 0x0000000100000000)
  region size 1024K, 87 young (89088K), 8 survivors (8192K)
 Metaspace       used 52393K, capacity 53717K, committed 54012K, reserved 1095680K
  class space    used 6665K, capacity 7185K, committed 7296K, reserved 1048576K
}
Event: 10.218 GC heap after
{Heap after GC invocations=12 (full 0):
 garbage-first heap   total 183296K, used 43607K [0x0000000080000000, 0x0000000100000000)
  region size 1024K, 11 young (11264K), 11 survivors (11264K)
 Metaspace       used 52393K, capacity 53717K, committed 54012K, reserved 1095680K
  class space    used 6665K, capacity 7185K, committed 7296K, reserved 1048576K
}
Event: 12.214 GC heap before
{Heap before GC invocations=12 (full 0):
 garbage-first heap   total 183296K, used 81495K [0x0000000080000000, 0x0000000100000000)
  region size 1024K, 49 young (50176K), 11 survivors (11264K)
 Metaspace       used 58438K, capacity 59815K, committed 59940K, reserved 1101824K
  class space    used 7416K, capacity 7912K, committed 7936K, reserved 1048576K
}
Event: 12.230 GC heap after
{Heap after GC invocations=13 (full 0):
 garbage-first heap   total 183296K, used 46524K [0x0000000080000000, 0x0000000100000000)
  region size 1024K, 3 young (3072K), 3 survivors (3072K)
 Metaspace       used 58438K, capacity 59815K, committed 59940K, reserved 1101824K
  class space    used 7416K, capacity 7912K, committed 7936K, reserved 1048576K
}

